<?xml version="1.0" encoding="UTF-8"?>
<testsuite xmlns:xsi="http://www.w3.org/2001/XMLSchema-instance" xsi:noNamespaceSchemaLocation="https://maven.apache.org/surefire/maven-surefire-plugin/xsd/surefire-test-report.xsd" version="3.0.2" name="edu.eci.arsw.dogsrace.integration.RaceIntegrationTest" time="27.514" tests="13" errors="0" skipped="0" failures="0">
  <properties>
[...]
</properties>
  <testcase name="testUniquePositions" classname="edu.eci.arsw.dogsrace.integration.RaceIntegrationTest" time="1.658">
    <system-out><![CDATA[El galgo Dog6 llego en la posicion 1
El galgo Dog5 llego en la posicion 10
El galgo Dog2 llego en la posicion 9
El galgo Dog3 llego en la posicion 8
El galgo Dog1 llego en la posicion 7
El galgo Dog4 llego en la posicion 6
El galgo Dog8 llego en la posicion 5
El galgo Dog0 llego en la posicion 4
El galgo Dog7 llego en la posicion 3
El galgo Dog9 llego en la posicion 2
]]></system-out>
  </testcase>
  <testcase name="testPauseAndResumeDuringRace" classname="edu.eci.arsw.dogsrace.integration.RaceIntegrationTest" time="2.685">
    <system-out><![CDATA[El galgo Runner2 llego en la posicion 1
El galgo Runner1 llego en la posicion 2
]]></system-out>
  </testcase>
  <testcase name="testSimultaneousStart" classname="edu.eci.arsw.dogsrace.integration.RaceIntegrationTest" time="3.024">
    <system-out><![CDATA[El galgo Dog3 llego en la posicion 1
El galgo Dog4 llego en la posicion 8
El galgo Dog7 llego en la posicion 7
El galgo Dog5 llego en la posicion 6
El galgo Dog1 llego en la posicion 5
El galgo Dog0 llego en la posicion 4
El galgo Dog6 llego en la posicion 2
El galgo Dog2 llego en la posicion 3
]]></system-out>
  </testcase>
  <testcase name="testMultiplePauseResumeCycles" classname="edu.eci.arsw.dogsrace.integration.RaceIntegrationTest" time="3.619">
    <system-out><![CDATA[El galgo TestRunner llego en la posicion 1
]]></system-out>
  </testcase>
  <testcase name="testVeryLongRace" classname="edu.eci.arsw.dogsrace.integration.RaceIntegrationTest" time="5.52">
    <system-out><![CDATA[El galgo Dog0 llego en la posicion 1
El galgo Dog1 llego en la posicion 2
El galgo Dog2 llego en la posicion 3
]]></system-out>
  </testcase>
  <testcase name="testSingleRunnerRace" classname="edu.eci.arsw.dogsrace.integration.RaceIntegrationTest" time="1.118">
    <system-out><![CDATA[El galgo Solo llego en la posicion 1
]]></system-out>
  </testcase>
  <testcase name="testPauseBeforeStart" classname="edu.eci.arsw.dogsrace.integration.RaceIntegrationTest" time="1.319">
    <system-out><![CDATA[El galgo TestDog llego en la posicion 1
]]></system-out>
  </testcase>
  <testcase name="testCompleteRaceWithFiveRunners" classname="edu.eci.arsw.dogsrace.integration.RaceIntegrationTest" time="1.116">
    <system-out><![CDATA[El galgo Dog0 llego en la posicion 1
El galgo Dog1 llego en la posicion 5
El galgo Dog3 llego en la posicion 4
El galgo Dog4 llego en la posicion 2
El galgo Dog2 llego en la posicion 3
]]></system-out>
  </testcase>
  <testcase name="testVeryShortRace" classname="edu.eci.arsw.dogsrace.integration.RaceIntegrationTest" time="0.109">
    <system-out><![CDATA[El galgo Dog0 llego en la posicion 1
El galgo Dog1 llego en la posicion 3
El galgo Dog2 llego en la posicion 2
]]></system-out>
  </testcase>
  <testcase name="testFirstFinisherIsWinner" classname="edu.eci.arsw.dogsrace.integration.RaceIntegrationTest" time="1.654">
    <system-out><![CDATA[El galgo First llego en la posicion 1
El galgo Second llego en la posicion 2
El galgo Third llego en la posicion 3
]]></system-out>
  </testcase>
  <testcase name="testConsecutiveRaces" classname="edu.eci.arsw.dogsrace.integration.RaceIntegrationTest" time="1.104">
    <system-out><![CDATA[El galgo Race1 llego en la posicion 1
El galgo Race2 llego en la posicion 1
]]></system-out>
  </testcase>
  <testcase name="testRaceControlSynchronization" classname="edu.eci.arsw.dogsrace.integration.RaceIntegrationTest" time="2.374">
    <system-out><![CDATA[El galgo Dog0 llego en la posicion 1
El galgo Dog2 llego en la posicion 6
El galgo Dog1 llego en la posicion 5
El galgo Dog3 llego en la posicion 4
El galgo Dog5 llego en la posicion 3
El galgo Dog4 llego en la posicion 2
]]></system-out>
  </testcase>
  <testcase name="testRaceWithDifferentTrackLengths" classname="edu.eci.arsw.dogsrace.integration.RaceIntegrationTest" time="2.199">
    <system-out><![CDATA[El galgo Fast llego en la posicion 1
El galgo Medium llego en la posicion 2
El galgo Slow llego en la posicion 3
]]></system-out>
  </testcase>
</testsuite>