<?xml version="1.0" encoding="UTF-8"?>
<testsuite xmlns:xsi="http://www.w3.org/2001/XMLSchema-instance" xsi:noNamespaceSchemaLocation="https://maven.apache.org/surefire/maven-surefire-plugin/xsd/surefire-test-report.xsd" version="3.0.2" name="edu.eci.arsw.dogsrace.integration.ConcurrencyIntegrationTest" time="11.018" tests="10" errors="0" skipped="0" failures="0">
  <properties>
[...]
</properties>
  <testcase name="testPauseResumeUnderLoad" classname="edu.eci.arsw.dogsrace.integration.ConcurrencyIntegrationTest" time="3.034">
    <system-out><![CDATA[El galgo Dog9 llego en la posicion 1
El galgo Dog2 llego en la posicion 9
El galgo Dog3 llego en la posicion 10
El galgo Dog4 llego en la posicion 8
El galgo Dog0 llego en la posicion 6
El galgo Dog1 llego en la posicion 7
El galgo Dog6 llego en la posicion 5
El galgo Dog8 llego en la posicion 4
El galgo Dog7 llego en la posicion 3
El galgo Dog5 llego en la posicion 2
]]></system-out>
  </testcase>
  <testcase name="testMixedSpeedRunners" classname="edu.eci.arsw.dogsrace.integration.ConcurrencyIntegrationTest" time="3.012">
    <system-out><![CDATA[El galgo Fast llego en la posicion 1
El galgo Medium llego en la posicion 2
El galgo Slow llego en la posicion 3
El galgo VerySlow llego en la posicion 4
]]></system-out>
  </testcase>
  <testcase name="testRapidPauseResumeCycles" classname="edu.eci.arsw.dogsrace.integration.ConcurrencyIntegrationTest" time="2.033">
    <system-out><![CDATA[El galgo Dog2 llego en la posicion 1
El galgo Dog0 llego en la posicion 4
El galgo Dog1 llego en la posicion 3
El galgo Dog3 llego en la posicion 2
El galgo Dog4 llego en la posicion 5
]]></system-out>
  </testcase>
  <testcase name="testNoRaceConditionInArrivalRegistry" classname="edu.eci.arsw.dogsrace.integration.ConcurrencyIntegrationTest" time="0.014"/>
  <testcase name="testHighConcurrency" classname="edu.eci.arsw.dogsrace.integration.ConcurrencyIntegrationTest" time="1.525">
    <system-out><![CDATA[El galgo Dog0 llego en la posicion 1
El galgo Dog2 llego en la posicion 2
El galgo Dog1 llego en la posicion 3
El galgo Dog6 llego en la posicion 5
El galgo Dog12 llego en la posicion 10
El galgo Dog11 llego en la posicion 14
El galgo Dog5 llego en la posicion 4
El galgo Dog16 llego en la posicion 15
El galgo Dog17 llego en la posicion 19
El galgo Dog7 llego en la posicion 13
El galgo Dog10 llego en la posicion 12
El galgo Dog8 llego en la posicion 11
El galgo Dog9 llego en la posicion 8
El galgo Dog13 llego en la posicion 9
El galgo Dog3 llego en la posicion 7
El galgo Dog4 llego en la posicion 6
El galgo Dog19 llego en la posicion 20
El galgo Dog18 llego en la posicion 18
El galgo Dog15 llego en la posicion 17
El galgo Dog14 llego en la posicion 16
]]></system-out>
  </testcase>
  <testcase name="testAtomicPositionAssignment" classname="edu.eci.arsw.dogsrace.integration.ConcurrencyIntegrationTest" time="0.013"/>
  <testcase name="testNoDeadlock" classname="edu.eci.arsw.dogsrace.integration.ConcurrencyIntegrationTest" time="0.047"/>
  <testcase name="testInterruptionDuringPause" classname="edu.eci.arsw.dogsrace.integration.ConcurrencyIntegrationTest" time="0.206"/>
  <testcase name="testRaceControlConsistency" classname="edu.eci.arsw.dogsrace.integration.ConcurrencyIntegrationTest" time="0.113"/>
  <testcase name="testSystemRecoveryFromThreadExceptions" classname="edu.eci.arsw.dogsrace.integration.ConcurrencyIntegrationTest" time="1.006">
    <system-out><![CDATA[El galgo Dog0 llego en la posicion 1
El galgo Dog2 llego en la posicion 2
El galgo Dog4 llego en la posicion 3
]]></system-out>
  </testcase>
</testsuite>