<?xml version="1.0" encoding="UTF-8"?>
<testsuite xmlns:xsi="http://www.w3.org/2001/XMLSchema-instance" xsi:noNamespaceSchemaLocation="https://maven.apache.org/surefire/maven-surefire-plugin/xsd/surefire-test-report.xsd" version="3.0.2" name="edu.eci.arsw.dogsrace.domain.ArrivalRegistryTest" time="0.14" tests="9" errors="0" skipped="0" failures="0">
  <properties>
[...]
</properties>
  <testcase name="testWinnerRemainsSame" classname="edu.eci.arsw.dogsrace.domain.ArrivalRegistryTest" time="0.007"/>
  <testcase name="testArrivalSnapshotImmutability" classname="edu.eci.arsw.dogsrace.domain.ArrivalRegistryTest" time="0.071"/>
  <testcase name="testFirstArrivalIsWinner" classname="edu.eci.arsw.dogsrace.domain.ArrivalRegistryTest" time="0.003"/>
  <testcase name="testNullDogNameThrowsException" classname="edu.eci.arsw.dogsrace.domain.ArrivalRegistryTest" time="0.006"/>
  <testcase name="testSingleParticipant" classname="edu.eci.arsw.dogsrace.domain.ArrivalRegistryTest" time="0.002"/>
  <testcase name="testArrivalOrderPreservation" classname="edu.eci.arsw.dogsrace.domain.ArrivalRegistryTest" time="0.02"/>
  <testcase name="testThreadSafety" classname="edu.eci.arsw.dogsrace.domain.ArrivalRegistryTest" time="0.008"/>
  <testcase name="testConsecutivePositions" classname="edu.eci.arsw.dogsrace.domain.ArrivalRegistryTest" time="0.003"/>
  <testcase name="testGetNextPosition" classname="edu.eci.arsw.dogsrace.domain.ArrivalRegistryTest" time="0.001"/>
</testsuite>