<?xml version="1.0" encoding="UTF-8"?>
<testsuite xmlns:xsi="http://www.w3.org/2001/XMLSchema-instance" xsi:noNamespaceSchemaLocation="https://maven.apache.org/surefire/maven-surefire-plugin/xsd/surefire-test-report.xsd" version="3.0.2" name="edu.eci.arsw.dogsrace.threads.GalgoTest" time="5.533" tests="10" errors="0" skipped="0" failures="0">
  <properties>
[...]
</properties>
  <testcase name="testHandlesInterruption" classname="edu.eci.arsw.dogsrace.threads.GalgoTest" time="1.273">
    <system-err><![CDATA[WARNING: A Java agent has been loaded dynamically (C:\Users\david\.m2\repository\net\bytebuddy\byte-buddy-agent\1.14.12\byte-buddy-agent-1.14.12.jar)
WARNING: If a serviceability tool is in use, please run with -XX:+EnableDynamicAgentLoading to hide this warning
WARNING: If a serviceability tool is not in use, please run with -Djdk.instrument.traceUsage for more information
WARNING: Dynamic loading of agents will be disallowed by default in a future release
]]></system-err>
  </testcase>
  <testcase name="testDisplayPasosUpdates" classname="edu.eci.arsw.dogsrace.threads.GalgoTest" time="0.343">
    <system-out><![CDATA[El galgo TestDog llego en la posicion 1
]]></system-out>
  </testcase>
  <testcase name="testThreadName" classname="edu.eci.arsw.dogsrace.threads.GalgoTest" time="0.002"/>
  <testcase name="testFinishCalledOnlyAtEnd" classname="edu.eci.arsw.dogsrace.threads.GalgoTest" time="0.545">
    <system-out><![CDATA[El galgo TestDog llego en la posicion 1
]]></system-out>
  </testcase>
  <testcase name="testTimingBetweenSteps" classname="edu.eci.arsw.dogsrace.threads.GalgoTest" time="0.321">
    <system-out><![CDATA[El galgo TestDog llego en la posicion 1
]]></system-out>
  </testcase>
  <testcase name="testRegistersCorrectArrivalPosition" classname="edu.eci.arsw.dogsrace.threads.GalgoTest" time="0.326">
    <system-out><![CDATA[El galgo Runner1 llego en la posicion 2
]]></system-out>
  </testcase>
  <testcase name="testStepProgression" classname="edu.eci.arsw.dogsrace.threads.GalgoTest" time="0.539">
    <system-out><![CDATA[El galgo TestDog llego en la posicion 1
]]></system-out>
  </testcase>
  <testcase name="testCompleteRace" classname="edu.eci.arsw.dogsrace.threads.GalgoTest" time="1.085">
    <system-out><![CDATA[El galgo TestDog llego en la posicion 1
]]></system-out>
  </testcase>
  <testcase name="testMultipleGalgosRunIndependently" classname="edu.eci.arsw.dogsrace.threads.GalgoTest" time="0.543">
    <system-out><![CDATA[El galgo Dog2 llego en la posicion 1
El galgo Dog3 llego en la posicion 3
El galgo Dog1 llego en la posicion 2
]]></system-out>
  </testcase>
  <testcase name="testRespectsPauseControl" classname="edu.eci.arsw.dogsrace.threads.GalgoTest" time="0.543">
    <system-out><![CDATA[El galgo TestDog llego en la posicion 1
]]></system-out>
  </testcase>
</testsuite>