<?xml version="1.0" encoding="UTF-8"?>
<testsuite xmlns:xsi="http://www.w3.org/2001/XMLSchema-instance" xsi:noNamespaceSchemaLocation="https://maven.apache.org/surefire/maven-surefire-plugin/xsd/surefire-test-report.xsd" version="3.0.2" name="edu.eci.arsw.dogsrace.ui.CarrilTest" time="0.286" tests="18" errors="0" skipped="0" failures="1">
  <properties>
[...]
</properties>
  <testcase name="testFinishOverridesDisplayPasos" classname="edu.eci.arsw.dogsrace.ui.CarrilTest" time="0.243"/>
  <testcase name="testTogglePasoMultipleTimes" classname="edu.eci.arsw.dogsrace.ui.CarrilTest" time="0.002"/>
  <testcase name="testMinimalCarril" classname="edu.eci.arsw.dogsrace.ui.CarrilTest" time="0.002"/>
  <testcase name="testNamePreservedAfterRestart" classname="edu.eci.arsw.dogsrace.ui.CarrilTest" time="0.002"/>
  <testcase name="testDisplayPasos" classname="edu.eci.arsw.dogsrace.ui.CarrilTest" time="0.002"/>
  <testcase name="testMultiplePasoUpdates" classname="edu.eci.arsw.dogsrace.ui.CarrilTest" time="0.002"/>
  <testcase name="testPasosInitialization" classname="edu.eci.arsw.dogsrace.ui.CarrilTest" time="0.002"/>
  <testcase name="testGetName" classname="edu.eci.arsw.dogsrace.ui.CarrilTest" time="0.002"/>
  <testcase name="testCarrilSize" classname="edu.eci.arsw.dogsrace.ui.CarrilTest" time="0.001"/>
  <testcase name="testRapidDisplayPasosUpdates" classname="edu.eci.arsw.dogsrace.ui.CarrilTest" time="0.002"/>
  <testcase name="testDifferentSizes" classname="edu.eci.arsw.dogsrace.ui.CarrilTest" time="0.004"/>
  <testcase name="testGetPasoAtIndex" classname="edu.eci.arsw.dogsrace.ui.CarrilTest" time="0.004"/>
  <testcase name="testReStart" classname="edu.eci.arsw.dogsrace.ui.CarrilTest" time="0.003">
    <failure message="expected: &lt;&gt; but was: &lt;o&gt;" type="org.opentest4j.AssertionFailedError"><![CDATA[org.opentest4j.AssertionFailedError: expected: <> but was: <o>
	at org.junit.jupiter.api.AssertionFailureBuilder.build(AssertionFailureBuilder.java:151)
	at org.junit.jupiter.api.AssertionFailureBuilder.buildAndThrow(AssertionFailureBuilder.java:132)
	at org.junit.jupiter.api.AssertEquals.failNotEqual(AssertEquals.java:197)
	at org.junit.jupiter.api.AssertEquals.assertEquals(AssertEquals.java:182)
	at org.junit.jupiter.api.AssertEquals.assertEquals(AssertEquals.java:177)
	at org.junit.jupiter.api.Assertions.assertEquals(Assertions.java:1145)
	at edu.eci.arsw.dogsrace.ui.CarrilTest.testReStart(CarrilTest.java:104)
	at java.base/java.lang.reflect.Method.invoke(Method.java:580)
	at java.base/java.util.ArrayList.forEach(ArrayList.java:1596)
	at java.base/java.util.ArrayList.forEach(ArrayList.java:1596)
]]></failure>
  </testcase>
  <testcase name="testLlegadaInitialization" classname="edu.eci.arsw.dogsrace.ui.CarrilTest" time="0.002"/>
  <testcase name="testSetPasoOn" classname="edu.eci.arsw.dogsrace.ui.CarrilTest" time="0.002"/>
  <testcase name="testFinish" classname="edu.eci.arsw.dogsrace.ui.CarrilTest" time="0.001"/>
  <testcase name="testSetPasoOff" classname="edu.eci.arsw.dogsrace.ui.CarrilTest" time="0.001"/>
  <testcase name="testSimulatedRace" classname="edu.eci.arsw.dogsrace.ui.CarrilTest" time="0.002"/>
</testsuite>